app/build/intermediates/manifest_merge_blame_file/release/manifest-merger-blame-release-report.txt
1<?xml version="1.0" encoding="utf-8"?>
2<manifest xmlns:android="http://schemas.android.com/apk/res/android"
3    package="com.monstertimer.app"
4    android:versionCode="1"
5    android:versionName="1.0" >
6
7    <uses-sdk
8        android:minSdkVersion="26"
9        android:targetSdkVersion="34" />
10
11    <!-- Required permissions -->
12    <uses-permission android:name="android.permission.SYSTEM_ALERT_WINDOW" />
12-->src\main\AndroidManifest.xml:6:5-78
12-->src\main\AndroidManifest.xml:6:22-75
13    <uses-permission android:name="android.permission.FOREGROUND_SERVICE" />
13-->src\main\AndroidManifest.xml:7:5-77
13-->src\main\AndroidManifest.xml:7:22-74
14    <uses-permission android:name="android.permission.FOREGROUND_SERVICE_SPECIAL_USE" />
14-->src\main\AndroidManifest.xml:8:5-89
14-->src\main\AndroidManifest.xml:8:22-86
15    <uses-permission
15-->src\main\AndroidManifest.xml:9:5-107
16        android:name="android.permission.READ_EXTERNAL_STORAGE"
16-->src\main\AndroidManifest.xml:9:22-77
17        android:maxSdkVersion="32" />
17-->src\main\AndroidManifest.xml:9:78-104
18    <uses-permission android:name="android.permission.READ_MEDIA_IMAGES" />
18-->src\main\AndroidManifest.xml:10:5-76
18-->src\main\AndroidManifest.xml:10:22-73
19    <uses-permission android:name="android.permission.READ_MEDIA_VIDEO" />
19-->src\main\AndroidManifest.xml:11:5-75
19-->src\main\AndroidManifest.xml:11:22-72
20    <uses-permission android:name="android.permission.POST_NOTIFICATIONS" />
20-->src\main\AndroidManifest.xml:12:5-77
20-->src\main\AndroidManifest.xml:12:22-74
21    <uses-permission android:name="android.permission.VIBRATE" />
21-->src\main\AndroidManifest.xml:13:5-66
21-->src\main\AndroidManifest.xml:13:22-63
22
23    <permission
23-->[androidx.core:core:1.12.0] AndroidManifest.xml:22:5-24:47
24        android:name="com.monstertimer.app.DYNAMIC_RECEIVER_NOT_EXPORTED_PERMISSION"
24-->[androidx.core:core:1.12.0] AndroidManifest.xml:23:9-81
25        android:protectionLevel="signature" />
25-->[androidx.core:core:1.12.0] AndroidManifest.xml:24:9-44
26
27    <uses-permission android:name="com.monstertimer.app.DYNAMIC_RECEIVER_NOT_EXPORTED_PERMISSION" />
27-->[androidx.core:core:1.12.0] AndroidManifest.xml:26:5-97
27-->[androidx.core:core:1.12.0] AndroidManifest.xml:26:22-94
28
29    <application
29-->src\main\AndroidManifest.xml:15:5-58:19
30        android:name="com.monstertimer.app.MonsterTimerApp"
30-->src\main\AndroidManifest.xml:16:9-40
31        android:allowBackup="true"
31-->src\main\AndroidManifest.xml:17:9-35
32        android:appComponentFactory="androidx.core.app.CoreComponentFactory"
32-->[androidx.core:core:1.12.0] AndroidManifest.xml:28:18-86
33        android:extractNativeLibs="false"
34        android:icon="@mipmap/ic_launcher_monster"
34-->src\main\AndroidManifest.xml:18:9-51
35        android:label="@string/app_name"
35-->src\main\AndroidManifest.xml:19:9-41
36        android:roundIcon="@mipmap/ic_launcher_monster"
36-->src\main\AndroidManifest.xml:20:9-56
37        android:supportsRtl="true"
37-->src\main\AndroidManifest.xml:21:9-35
38        android:theme="@style/Theme.MonsterTimer" >
38-->src\main\AndroidManifest.xml:22:9-50
39        <activity
39-->src\main\AndroidManifest.xml:25:9-33:20
40            android:name="com.monstertimer.app.MainActivity"
40-->src\main\AndroidManifest.xml:26:13-41
41            android:exported="true"
41-->src\main\AndroidManifest.xml:27:13-36
42            android:theme="@style/Theme.MonsterTimer" >
42-->src\main\AndroidManifest.xml:28:13-54
43            <intent-filter>
43-->src\main\AndroidManifest.xml:29:13-32:29
44                <action android:name="android.intent.action.MAIN" />
44-->src\main\AndroidManifest.xml:30:17-69
44-->src\main\AndroidManifest.xml:30:25-66
45
46                <category android:name="android.intent.category.LAUNCHER" />
46-->src\main\AndroidManifest.xml:31:17-77
46-->src\main\AndroidManifest.xml:31:27-74
47            </intent-filter>
48        </activity>
49
50        <!-- Accessibility Service for detecting YouTube Shorts -->
51        <service
51-->src\main\AndroidManifest.xml:36:9-46:19
52            android:name="com.monstertimer.app.service.ShortsAccessibilityService"
52-->src\main\AndroidManifest.xml:37:13-63
53            android:exported="false"
53-->src\main\AndroidManifest.xml:38:13-37
54            android:permission="android.permission.BIND_ACCESSIBILITY_SERVICE" >
54-->src\main\AndroidManifest.xml:39:13-79
55            <intent-filter>
55-->src\main\AndroidManifest.xml:40:13-42:29
56                <action android:name="android.accessibilityservice.AccessibilityService" />
56-->src\main\AndroidManifest.xml:41:17-92
56-->src\main\AndroidManifest.xml:41:25-89
57            </intent-filter>
58
59            <meta-data
59-->src\main\AndroidManifest.xml:43:13-45:72
60                android:name="android.accessibilityservice"
60-->src\main\AndroidManifest.xml:44:17-60
61                android:resource="@xml/accessibility_service_config" />
61-->src\main\AndroidManifest.xml:45:17-69
62        </service>
63
64        <!-- Overlay Service for displaying the Monster -->
65        <service
65-->src\main\AndroidManifest.xml:49:9-56:19
66            android:name="com.monstertimer.app.service.MonsterOverlayService"
66-->src\main\AndroidManifest.xml:50:13-58
67            android:exported="false"
67-->src\main\AndroidManifest.xml:51:13-37
68            android:foregroundServiceType="specialUse" >
68-->src\main\AndroidManifest.xml:52:13-55
69            <property
69-->src\main\AndroidManifest.xml:53:13-55:60
70                android:name="android.app.PROPERTY_SPECIAL_USE_FGS_SUBTYPE"
70-->src\main\AndroidManifest.xml:54:17-76
71                android:value="parental_control_overlay" />
71-->src\main\AndroidManifest.xml:55:17-57
72        </service>
73
74        <provider
74-->[androidx.emoji2:emoji2:1.2.0] AndroidManifest.xml:24:9-32:20
75            android:name="androidx.startup.InitializationProvider"
75-->[androidx.emoji2:emoji2:1.2.0] AndroidManifest.xml:25:13-67
76            android:authorities="com.monstertimer.app.androidx-startup"
76-->[androidx.emoji2:emoji2:1.2.0] AndroidManifest.xml:26:13-68
77            android:exported="false" >
77-->[androidx.emoji2:emoji2:1.2.0] AndroidManifest.xml:27:13-37
78            <meta-data
78-->[androidx.emoji2:emoji2:1.2.0] AndroidManifest.xml:29:13-31:52
79                android:name="androidx.emoji2.text.EmojiCompatInitializer"
79-->[androidx.emoji2:emoji2:1.2.0] AndroidManifest.xml:30:17-75
80                android:value="androidx.startup" />
80-->[androidx.emoji2:emoji2:1.2.0] AndroidManifest.xml:31:17-49
81            <meta-data
81-->[androidx.lifecycle:lifecycle-process:2.7.0] AndroidManifest.xml:29:13-31:52
82                android:name="androidx.lifecycle.ProcessLifecycleInitializer"
82-->[androidx.lifecycle:lifecycle-process:2.7.0] AndroidManifest.xml:30:17-78
83                android:value="androidx.startup" />
83-->[androidx.lifecycle:lifecycle-process:2.7.0] AndroidManifest.xml:31:17-49
84            <meta-data
84-->[androidx.profileinstaller:profileinstaller:1.3.0] AndroidManifest.xml:29:13-31:52
85                android:name="androidx.profileinstaller.ProfileInstallerInitializer"
85-->[androidx.profileinstaller:profileinstaller:1.3.0] AndroidManifest.xml:30:17-85
86                android:value="androidx.startup" />
86-->[androidx.profileinstaller:profileinstaller:1.3.0] AndroidManifest.xml:31:17-49
87        </provider>
88
89        <receiver
89-->[androidx.profileinstaller:profileinstaller:1.3.0] AndroidManifest.xml:34:9-52:20
90            android:name="androidx.profileinstaller.ProfileInstallReceiver"
90-->[androidx.profileinstaller:profileinstaller:1.3.0] AndroidManifest.xml:35:13-76
91            android:directBootAware="false"
91-->[androidx.profileinstaller:profileinstaller:1.3.0] AndroidManifest.xml:36:13-44
92            android:enabled="true"
92-->[androidx.profileinstaller:profileinstaller:1.3.0] AndroidManifest.xml:37:13-35
93            android:exported="true"
93-->[androidx.profileinstaller:profileinstaller:1.3.0] AndroidManifest.xml:38:13-36
94            android:permission="android.permission.DUMP" >
94-->[androidx.profileinstaller:profileinstaller:1.3.0] AndroidManifest.xml:39:13-57
95            <intent-filter>
95-->[androidx.profileinstaller:profileinstaller:1.3.0] AndroidManifest.xml:40:13-42:29
96                <action android:name="androidx.profileinstaller.action.INSTALL_PROFILE" />
96-->[androidx.profileinstaller:profileinstaller:1.3.0] AndroidManifest.xml:41:17-91
96-->[androidx.profileinstaller:profileinstaller:1.3.0] AndroidManifest.xml:41:25-88
97            </intent-filter>
98            <intent-filter>
98-->[androidx.profileinstaller:profileinstaller:1.3.0] AndroidManifest.xml:43:13-45:29
99                <action android:name="androidx.profileinstaller.action.SKIP_FILE" />
99-->[androidx.profileinstaller:profileinstaller:1.3.0] AndroidManifest.xml:44:17-85
99-->[androidx.profileinstaller:profileinstaller:1.3.0] AndroidManifest.xml:44:25-82
100            </intent-filter>
101            <intent-filter>
101-->[androidx.profileinstaller:profileinstaller:1.3.0] AndroidManifest.xml:46:13-48:29
102                <action android:name="androidx.profileinstaller.action.SAVE_PROFILE" />
102-->[androidx.profileinstaller:profileinstaller:1.3.0] AndroidManifest.xml:47:17-88
102-->[androidx.profileinstaller:profileinstaller:1.3.0] AndroidManifest.xml:47:25-85
103            </intent-filter>
104            <intent-filter>
104-->[androidx.profileinstaller:profileinstaller:1.3.0] AndroidManifest.xml:49:13-51:29
105                <action android:name="androidx.profileinstaller.action.BENCHMARK_OPERATION" />
105-->[androidx.profileinstaller:profileinstaller:1.3.0] AndroidManifest.xml:50:17-95
105-->[androidx.profileinstaller:profileinstaller:1.3.0] AndroidManifest.xml:50:25-92
106            </intent-filter>
107        </receiver>
108    </application>
109
110</manifest>